#
# There is insufficient memory for the Java Runtime Environment to continue.
# Native memory allocation (malloc) failed to allocate 173015040 bytes for committing reserved memory.
# Possible reasons:
#   The system is out of physical RAM or swap space
#   In 32 bit mode, the process size limit was hit
# Possible solutions:
#   Reduce memory load on the system
#   Increase physical memory or swap space
#   Check if swap backing store is full
#   Use 64 bit Java on a 64 bit OS
#   Decrease Java heap size (-Xmx/-Xms)
#   Decrease number of Java threads
#   Decrease Java thread stack sizes (-Xss)
#   Set larger code cache with -XX:ReservedCodeCacheSize=
# This output file may be truncated or incomplete.
#
#  Out of Memory Error (os_linux.cpp:2800), pid=26586, tid=140177395668736
#
# JRE version: OpenJDK Runtime Environment (7.0_60-b30) (build 1.7.0_60-b30)
# Java VM: OpenJDK 64-Bit Server VM (24.60-b09 mixed mode linux-amd64 compressed oops)
# Failed to write core dump. Core dumps have been disabled. To enable core dumping, try "ulimit -c unlimited" before starting Java again
#

---------------  T H R E A D  ---------------

Current thread (0x00007f7db81c4800):  VMThread [stack: 0x00007f7d97cfd000,0x00007f7d97dfe000] [id=26604]

Stack: [0x00007f7d97cfd000,0x00007f7d97dfe000],  sp=0x00007f7d97dfc4e0,  free space=1021k
Native frames: (J=compiled Java code, j=interpreted, Vv=VM code, C=native code)
V  [libjvm.so+0x97af06]
V  [libjvm.so+0x48c142]
V  [libjvm.so+0x7eef4b]
V  [libjvm.so+0x7e96ce]
V  [libjvm.so+0x85b44b]
V  [libjvm.so+0x85c303]
V  [libjvm.so+0x85ca1b]
V  [libjvm.so+0x858429]
V  [libjvm.so+0x858c08]
V  [libjvm.so+0x810ad3]
V  [libjvm.so+0x97c7d2]
V  [libjvm.so+0x981047]
V  [libjvm.so+0x97f63b]
V  [libjvm.so+0x97fce6]
V  [libjvm.so+0x9801b1]
V  [libjvm.so+0x7ebc42]

VM_Operation (0x00007f7dbeecc2d0): ParallelGCFailedAllocation, mode: safepoint, requested by thread 0x00007f7db8009800


---------------  P R O C E S S  ---------------

Java Threads: ( => current thread )
  0x00007f7db81fd000 JavaThread "Service Thread" daemon [_thread_blocked, id=26610, stack(0x00007f7d974f1000,0x00007f7d975f2000)]
  0x00007f7db81fb000 JavaThread "C2 CompilerThread1" daemon [_thread_blocked, id=26609, stack(0x00007f7d975f2000,0x00007f7d976f3000)]
  0x00007f7db81f8000 JavaThread "C2 CompilerThread0" daemon [_thread_blocked, id=26608, stack(0x00007f7d976f3000,0x00007f7d977f4000)]
  0x00007f7db81f6000 JavaThread "Signal Dispatcher" daemon [_thread_blocked, id=26607, stack(0x00007f7d977f4000,0x00007f7d978f5000)]
  0x00007f7db81ca800 JavaThread "Finalizer" daemon [_thread_blocked, id=26606, stack(0x00007f7d97afb000,0x00007f7d97bfc000)]
  0x00007f7db81c8800 JavaThread "Reference Handler" daemon [_thread_blocked, id=26605, stack(0x00007f7d97bfc000,0x00007f7d97cfd000)]
  0x00007f7db8009800 JavaThread "main" [_thread_blocked, id=26595, stack(0x00007f7dbedcd000,0x00007f7dbeece000)]

Other Threads:
=>0x00007f7db81c4800 VMThread [stack: 0x00007f7d97cfd000,0x00007f7d97dfe000] [id=26604]
  0x00007f7db8200000 WatcherThread [stack: 0x00007f7d973f0000,0x00007f7d974f1000] [id=26611]

VM state:at safepoint (normal execution)

VM Mutex/Monitor currently owned by a thread:  ([mutex/lock_event])
[0x00007f7db8006ed0] Threads_lock - owner thread: 0x00007f7db81c4800
[0x00007f7db80073d0] Heap_lock - owner thread: 0x00007f7db8009800

Heap
 PSYoungGen      total 134144K, used 5103K [0x00000000eaa80000, 0x00000000f3280000, 0x0000000100000000)
  eden space 129024K, 0% used [0x00000000eaa80000,0x00000000eaa80000,0x00000000f2880000)
  from space 5120K, 99% used [0x00000000f2880000,0x00000000f2d7bd68,0x00000000f2d80000)
  to   space 5120K, 0% used [0x00000000f2d80000,0x00000000f2d80000,0x00000000f3280000)
 ParOldGen       total 84992K, used 45142K [0x00000000c0000000, 0x00000000c5300000, 0x00000000eaa80000)
  object space 84992K, 53% used [0x00000000c0000000,0x00000000c2c15800,0x00000000c5300000)
 PSPermGen       total 21504K, used 7651K [0x00000000b5a00000, 0x00000000b6f00000, 0x00000000c0000000)
  object space 21504K, 35% used [0x00000000b5a00000,0x00000000b6178d38,0x00000000b6f00000)

Card table byte_map: [0x00007f7db4dac000,0x00007f7db5000000] byte_map_base: 0x00007f7db47ff000

Polling page: 0x00007f7dbef08000

Code Cache  [0x00007f7db5000000, 0x00007f7db5390000, 0x00007f7db8000000)
 total_blobs=1345 nmethods=1092 adapters=206 free_code_cache=45571Kb largest_free_block=46611456

Compilation events (10 events):
Event: 7,255 Thread 0x00007f7db81fb000 nmethod 1093 0x00007f7db5387bd0 code [0x00007f7db5387d80, 0x00007f7db53885f8]
Event: 7,255 Thread 0x00007f7db81fb000 1094             com.android.dx.io.instructions.InstructionCodec$11::decode (38 bytes)
Event: 7,258 Thread 0x00007f7db81fb000 nmethod 1094 0x00007f7db5388dd0 code [0x00007f7db5388f20, 0x00007f7db53890d8]
Event: 7,258 Thread 0x00007f7db81fb000 1095             com.android.dx.io.instructions.InstructionCodec$11::encode (22 bytes)
Event: 7,260 Thread 0x00007f7db81fb000 nmethod 1095 0x00007f7db53875d0 code [0x00007f7db5387740, 0x00007f7db5387938]
Event: 7,260 Thread 0x00007f7db81fb000 1096             com.android.dx.io.instructions.ShortArrayCodeOutput::writeInt (16 bytes)
Event: 7,261 Thread 0x00007f7db81fb000 nmethod 1096 0x00007f7db5387290 code [0x00007f7db53873e0, 0x00007f7db53874d8]
Event: 7,267 Thread 0x00007f7db81fb000 1097             com.android.dx.io.instructions.InstructionCodec$28::decode (7 bytes)
Event: 7,270 Thread 0x00007f7db81fb000 nmethod 1097 0x00007f7db5385dd0 code [0x00007f7db5385f40, 0x00007f7db5386198]
Event: 7,270 Thread 0x00007f7db81fb000 1098             com.android.dx.io.instructions.InstructionCodec::access$1100 (7 bytes)

GC Heap History (9 events):
Event: 0,629 GC heap before
{Heap before GC invocations=1 (full 0):
 PSYoungGen      total 37376K, used 32256K [0x00000000eaa80000, 0x00000000ed400000, 0x0000000100000000)
  eden space 32256K, 100% used [0x00000000eaa80000,0x00000000eca00000,0x00000000eca00000)
  from space 5120K, 0% used [0x00000000ecf00000,0x00000000ecf00000,0x00000000ed400000)
  to   space 5120K, 0% used [0x00000000eca00000,0x00000000eca00000,0x00000000ecf00000)
 ParOldGen       total 84992K, used 0K [0x00000000c0000000, 0x00000000c5300000, 0x00000000eaa80000)
  object space 84992K, 0% used [0x00000000c0000000,0x00000000c0000000,0x00000000c5300000)
 PSPermGen       total 21504K, used 5668K [0x00000000b5a00000, 0x00000000b6f00000, 0x00000000c0000000)
  object space 21504K, 26% used [0x00000000b5a00000,0x00000000b5f89158,0x00000000b6f00000)
Event: 0,636 GC heap after
Heap after GC invocations=1 (full 0):
 PSYoungGen      total 37376K, used 5112K [0x00000000eaa80000, 0x00000000ef380000, 0x0000000100000000)
  eden space 32256K, 0% used [0x00000000eaa80000,0x00000000eaa80000,0x00000000eca00000)
  from space 5120K, 99% used [0x00000000eca00000,0x00000000ecefe3e8,0x00000000ecf00000)
  to   space 5120K, 0% used [0x00000000eee80000,0x00000000eee80000,0x00000000ef380000)
 ParOldGen       total 84992K, used 2738K [0x00000000c0000000, 0x00000000c5300000, 0x00000000eaa80000)
  object space 84992K, 3% used [0x00000000c0000000,0x00000000c02ac8e0,0x00000000c5300000)
 PSPermGen       total 21504K, used 5668K [0x00000000b5a00000, 0x00000000b6f00000, 0x00000000c0000000)
  object space 21504K, 26% used [0x00000000b5a00000,0x00000000b5f89158,0x00000000b6f00000)
}
Event: 1,007 GC heap before
{Heap before GC invocations=2 (full 0):
 PSYoungGen      total 37376K, used 37368K [0x00000000eaa80000, 0x00000000ef380000, 0x0000000100000000)
  eden space 32256K, 100% used [0x00000000eaa80000,0x00000000eca00000,0x00000000eca00000)
  from space 5120K, 99% used [0x00000000eca00000,0x00000000ecefe3e8,0x00000000ecf00000)
  to   space 5120K, 0% used [0x00000000eee80000,0x00000000eee80000,0x00000000ef380000)
 ParOldGen       total 84992K, used 2738K [0x00000000c0000000, 0x00000000c5300000, 0x00000000eaa80000)
  object space 84992K, 3% used [0x00000000c0000000,0x00000000c02ac8e0,0x00000000c5300000)
 PSPermGen       total 21504K, used 5835K [0x00000000b5a00000, 0x00000000b6f00000, 0x00000000c0000000)
  object space 21504K, 27% used [0x00000000b5a00000,0x00000000b5fb2e08,0x00000000b6f00000)
Event: 1,014 GC heap after
Heap after GC invocations=2 (full 0):
 PSYoungGen      total 69632K, used 5101K [0x00000000eaa80000, 0x00000000ef380000, 0x0000000100000000)
  eden space 64512K, 0% used [0x00000000eaa80000,0x00000000eaa80000,0x00000000ee980000)
  from space 5120K, 99% used [0x00000000eee80000,0x00000000ef37b410,0x00000000ef380000)
  to   space 5120K, 0% used [0x00000000ee980000,0x00000000ee980000,0x00000000eee80000)
 ParOldGen       total 84992K, used 7857K [0x00000000c0000000, 0x00000000c5300000, 0x00000000eaa80000)
  object space 84992K, 9% used [0x00000000c0000000,0x00000000c07ac4c8,0x00000000c5300000)
 PSPermGen       total 21504K, used 5835K [0x00000000b5a00000, 0x00000000b6f00000, 0x00000000c0000000)
  object space 21504K, 27% used [0x00000000b5a00000,0x00000000b5fb2e08,0x00000000b6f00000)
}
Event: 2,092 GC heap before
{Heap before GC invocations=3 (full 0):
 PSYoungGen      total 69632K, used 69613K [0x00000000eaa80000, 0x00000000ef380000, 0x0000000100000000)
  eden space 64512K, 100% used [0x00000000eaa80000,0x00000000ee980000,0x00000000ee980000)
  from space 5120K, 99% used [0x00000000eee80000,0x00000000ef37b410,0x00000000ef380000)
  to   space 5120K, 0% used [0x00000000ee980000,0x00000000ee980000,0x00000000eee80000)
 ParOldGen       total 84992K, used 7857K [0x00000000c0000000, 0x00000000c5300000, 0x00000000eaa80000)
  object space 84992K, 9% used [0x00000000c0000000,0x00000000c07ac4c8,0x00000000c5300000)
 PSPermGen       total 21504K, used 5889K [0x00000000b5a00000, 0x00000000b6f00000, 0x00000000c0000000)
  object space 21504K, 27% used [0x00000000b5a00000,0x00000000b5fc06a8,0x00000000b6f00000)
Event: 2,125 GC heap after
Heap after GC invocations=3 (full 0):
 PSYoungGen      total 69632K, used 5117K [0x00000000eaa80000, 0x00000000f3280000, 0x0000000100000000)
  eden space 64512K, 0% used [0x00000000eaa80000,0x00000000eaa80000,0x00000000ee980000)
  from space 5120K, 99% used [0x00000000ee980000,0x00000000eee7f5d8,0x00000000eee80000)
  to   space 5120K, 0% used [0x00000000f2d80000,0x00000000f2d80000,0x00000000f3280000)
 ParOldGen       total 84992K, used 16007K [0x00000000c0000000, 0x00000000c5300000, 0x00000000eaa80000)
  object space 84992K, 18% used [0x00000000c0000000,0x00000000c0fa1d88,0x00000000c5300000)
 PSPermGen       total 21504K, used 5889K [0x00000000b5a00000, 0x00000000b6f00000, 0x00000000c0000000)
  object space 21504K, 27% used [0x00000000b5a00000,0x00000000b5fc06a8,0x00000000b6f00000)
}
Event: 6,608 GC heap before
{Heap before GC invocations=4 (full 0):
 PSYoungGen      total 69632K, used 69629K [0x00000000eaa80000, 0x00000000f3280000, 0x0000000100000000)
  eden space 64512K, 100% used [0x00000000eaa80000,0x00000000ee980000,0x00000000ee980000)
  from space 5120K, 99% used [0x00000000ee980000,0x00000000eee7f5d8,0x00000000eee80000)
  to   space 5120K, 0% used [0x00000000f2d80000,0x00000000f2d80000,0x00000000f3280000)
 ParOldGen       total 84992K, used 16007K [0x00000000c0000000, 0x00000000c5300000, 0x00000000eaa80000)
  object space 84992K, 18% used [0x00000000c0000000,0x00000000c0fa1d88,0x00000000c5300000)
 PSPermGen       total 21504K, used 7597K [0x00000000b5a00000, 0x00000000b6f00000, 0x00000000c0000000)
  object space 21504K, 35% used [0x00000000b5a00000,0x00000000b616b7e0,0x00000000b6f00000)
Event: 6,618 GC heap after
Heap after GC invocations=4 (full 0):
 PSYoungGen      total 134144K, used 5104K [0x00000000eaa80000, 0x00000000f3280000, 0x0000000100000000)
  eden space 129024K, 0% used [0x00000000eaa80000,0x00000000eaa80000,0x00000000f2880000)
  from space 5120K, 99% used [0x00000000f2d80000,0x00000000f327c368,0x00000000f3280000)
  to   space 5120K, 0% used [0x00000000f2880000,0x00000000f2880000,0x00000000f2d80000)
 ParOldGen       total 84992K, used 24100K [0x00000000c0000000, 0x00000000c5300000, 0x00000000eaa80000)
  object space 84992K, 28% used [0x00000000c0000000,0x00000000c1789188,0x00000000c5300000)
 PSPermGen       total 21504K, used 7597K [0x00000000b5a00000, 0x00000000b6f00000, 0x00000000c0000000)
  object space 21504K, 35% used [0x00000000b5a00000,0x00000000b616b7e0,0x00000000b6f00000)
}
Event: 7,271 GC heap before
{Heap before GC invocations=5 (full 0):
 PSYoungGen      total 134144K, used 134128K [0x00000000eaa80000, 0x00000000f3280000, 0x0000000100000000)
  eden space 129024K, 100% used [0x00000000eaa80000,0x00000000f2880000,0x00000000f2880000)
  from space 5120K, 99% used [0x00000000f2d80000,0x00000000f327c368,0x00000000f3280000)
  to   space 5120K, 0% used [0x00000000f2880000,0x00000000f2880000,0x00000000f2d80000)
 ParOldGen       total 84992K, used 24100K [0x00000000c0000000, 0x00000000c5300000, 0x00000000eaa80000)
  object space 84992K, 28% used [0x00000000c0000000,0x00000000c1789188,0x00000000c5300000)
 PSPermGen       total 21504K, used 7651K [0x00000000b5a00000, 0x00000000b6f00000, 0x00000000c0000000)
  object space 21504K, 35% used [0x00000000b5a00000,0x00000000b6178d38,0x00000000b6f00000)

Deoptimization events (10 events):
Event: 4,673 Thread 0x00007f7db8009800 Uncommon trap: reason=class_check action=maybe_recompile pc=0x00007f7db51a2898 method=java.util.Collections.unmodifiableList(Ljava/util/List;)Ljava/util/List; @ 1
Event: 4,673 Thread 0x00007f7db8009800 Uncommon trap: reason=class_check action=maybe_recompile pc=0x00007f7db51a2898 method=java.util.Collections.unmodifiableList(Ljava/util/List;)Ljava/util/List; @ 1
Event: 4,676 Thread 0x00007f7db8009800 Uncommon trap: reason=class_check action=maybe_recompile pc=0x00007f7db50d8420 method=java.util.ArrayList.<init>(Ljava/util/Collection;)V @ 6
Event: 4,680 Thread 0x00007f7db8009800 Uncommon trap: reason=class_check action=maybe_recompile pc=0x00007f7db50df8bc method=java.util.HashMap.<init>(IF)V @ 115
Event: 4,680 Thread 0x00007f7db8009800 Uncommon trap: reason=class_check action=maybe_recompile pc=0x00007f7db50d8420 method=java.util.ArrayList.<init>(Ljava/util/Collection;)V @ 6
Event: 6,585 Thread 0x00007f7db8009800 Uncommon trap: reason=predicate action=maybe_recompile pc=0x00007f7db52e36c4 method=com.android.dex.Leb128.readUnsignedLeb128(Lcom/android/dex/util/ByteInput;)I @ 41
Event: 6,862 Thread 0x00007f7db8009800 Uncommon trap: reason=predicate action=maybe_recompile pc=0x00007f7db5315688 method=java.util.ComparableTimSort.binarySort([Ljava/lang/Object;III)V @ 37
Event: 7,010 Thread 0x00007f7db8009800 Uncommon trap: reason=array_check action=maybe_recompile pc=0x00007f7db53498dc method=java.util.ComparableTimSort.binarySort([Ljava/lang/Object;III)V @ 215
Event: 7,010 Thread 0x00007f7db8009800 Uncommon trap: reason=array_check action=maybe_recompile pc=0x00007f7db5349994 method=java.util.ComparableTimSort.binarySort([Ljava/lang/Object;III)V @ 193
Event: 7,214 Thread 0x00007f7db8009800 Uncommon trap: reason=predicate action=maybe_recompile pc=0x00007f7db5365258 method=java.util.TimSort.binarySort([Ljava/lang/Object;IIILjava/util/Comparator;)V @ 37

Internal exceptions (10 events):
Event: 4,329 Thread 0x00007f7db8009800 Threw 0x00000000ecba06e0 at /build/java7-openjdk/src/icedtea-2.5.0/openjdk/hotspot/src/share/vm/prims/jvm.cpp:1247
Event: 4,331 Thread 0x00007f7db8009800 Threw 0x00000000ecbe7ff0 at /build/java7-openjdk/src/icedtea-2.5.0/openjdk/hotspot/src/share/vm/prims/jvm.cpp:1247
Event: 4,332 Thread 0x00007f7db8009800 Threw 0x00000000ecbea2a0 at /build/java7-openjdk/src/icedtea-2.5.0/openjdk/hotspot/src/share/vm/prims/jvm.cpp:1247
Event: 4,672 Thread 0x00007f7db8009800 Threw 0x00000000ece26180 at /build/java7-openjdk/src/icedtea-2.5.0/openjdk/hotspot/src/share/vm/prims/jvm.cpp:1247
Event: 4,672 Thread 0x00007f7db8009800 Threw 0x00000000ece262a8 at /build/java7-openjdk/src/icedtea-2.5.0/openjdk/hotspot/src/share/vm/prims/jvm.cpp:1247
Event: 4,672 Thread 0x00007f7db8009800 Threw 0x00000000ece286f0 at /build/java7-openjdk/src/icedtea-2.5.0/openjdk/hotspot/src/share/vm/prims/jvm.cpp:1247
Event: 4,672 Thread 0x00007f7db8009800 Threw 0x00000000ece28818 at /build/java7-openjdk/src/icedtea-2.5.0/openjdk/hotspot/src/share/vm/prims/jvm.cpp:1247
Event: 4,672 Thread 0x00007f7db8009800 Threw 0x00000000ece291a0 at /build/java7-openjdk/src/icedtea-2.5.0/openjdk/hotspot/src/share/vm/prims/jvm.cpp:1247
Event: 4,672 Thread 0x00007f7db8009800 Threw 0x00000000ece292c8 at /build/java7-openjdk/src/icedtea-2.5.0/openjdk/hotspot/src/share/vm/prims/jvm.cpp:1247
Event: 6,501 Thread 0x00007f7db8009800 Threw 0x00000000ee04e5a0 at /build/java7-openjdk/src/icedtea-2.5.0/openjdk/hotspot/src/share/vm/prims/jvm.cpp:1247

Events (10 events):
Event: 7,010 Thread 0x00007f7db8009800 Uncommon trap: trap_request=0xffffffd6 fr.pc=0x00007f7db53498dc
Event: 7,010 Thread 0x00007f7db8009800 DEOPT PACKING pc=0x00007f7db53498dc sp=0x00007f7dbeecc4a0
Event: 7,010 Thread 0x00007f7db8009800 DEOPT UNPACKING pc=0x00007f7db5039445 sp=0x00007f7dbeecc468 mode 2
Event: 7,010 Thread 0x00007f7db8009800 Uncommon trap: trap_request=0xffffffd6 fr.pc=0x00007f7db5349994
Event: 7,010 Thread 0x00007f7db8009800 DEOPT PACKING pc=0x00007f7db5349994 sp=0x00007f7dbeecc4a0
Event: 7,010 Thread 0x00007f7db8009800 DEOPT UNPACKING pc=0x00007f7db5039445 sp=0x00007f7dbeecc468 mode 2
Event: 7,214 Thread 0x00007f7db8009800 Uncommon trap: trap_request=0xffffff86 fr.pc=0x00007f7db5365258
Event: 7,214 Thread 0x00007f7db8009800 DEOPT PACKING pc=0x00007f7db5365258 sp=0x00007f7dbeecc4d0
Event: 7,214 Thread 0x00007f7db8009800 DEOPT UNPACKING pc=0x00007f7db5039445 sp=0x00007f7dbeecc4c0 mode 2
Event: 7,271 Executing VM operation: ParallelGCFailedAllocation


Dynamic libraries:
00400000-00401000 r-xp 00000000 00:10 5478587                            /usr/lib/jvm/java-7-openjdk/jre/bin/java
00600000-00601000 rw-p 00000000 00:10 5478587                            /usr/lib/jvm/java-7-openjdk/jre/bin/java
01fd8000-01ff9000 rw-p 00000000 00:00 0                                  [heap]
b5a00000-b6f00000 rw-p 00000000 00:00 0 
b6f00000-c0000000 rw-p 00000000 00:00 0 
c0000000-c5300000 rw-p 00000000 00:00 0 
c5300000-eaa80000 rw-p 00000000 00:00 0 
eaa80000-f3280000 rw-p 00000000 00:00 0 
fd780000-100000000 rw-p 00000000 00:00 0 
7f7d5c000000-7f7d5c05b000 rw-p 00000000 00:00 0 
7f7d5c05b000-7f7d60000000 ---p 00000000 00:00 0 
7f7d60000000-7f7d6003d000 rw-p 00000000 00:00 0 
7f7d6003d000-7f7d64000000 ---p 00000000 00:00 0 
7f7d64000000-7f7d6405a000 rw-p 00000000 00:00 0 
7f7d6405a000-7f7d68000000 ---p 00000000 00:00 0 
7f7d68000000-7f7d6803e000 rw-p 00000000 00:00 0 
7f7d6803e000-7f7d6c000000 ---p 00000000 00:00 0 
7f7d6c000000-7f7d6c021000 rw-p 00000000 00:00 0 
7f7d6c021000-7f7d70000000 ---p 00000000 00:00 0 
7f7d70000000-7f7d70021000 rw-p 00000000 00:00 0 
7f7d70021000-7f7d74000000 ---p 00000000 00:00 0 
7f7d74000000-7f7d75a14000 rw-p 00000000 00:00 0 
7f7d75a14000-7f7d78000000 ---p 00000000 00:00 0 
7f7d78000000-7f7d798af000 rw-p 00000000 00:00 0 
7f7d798af000-7f7d7c000000 ---p 00000000 00:00 0 
7f7d7c000000-7f7d7c021000 rw-p 00000000 00:00 0 
7f7d7c021000-7f7d80000000 ---p 00000000 00:00 0 
7f7d80000000-7f7d80021000 rw-p 00000000 00:00 0 
7f7d80021000-7f7d84000000 ---p 00000000 00:00 0 
7f7d84000000-7f7d84030000 rw-p 00000000 00:00 0 
7f7d84030000-7f7d88000000 ---p 00000000 00:00 0 
7f7d88000000-7f7d88021000 rw-p 00000000 00:00 0 
7f7d88021000-7f7d8c000000 ---p 00000000 00:00 0 
7f7d8c000000-7f7d8c021000 rw-p 00000000 00:00 0 
7f7d8c021000-7f7d90000000 ---p 00000000 00:00 0 
7f7d90000000-7f7d90021000 rw-p 00000000 00:00 0 
7f7d90021000-7f7d94000000 ---p 00000000 00:00 0 
7f7d95a6e000-7f7d95a82000 r-xp 00000000 00:10 4974950                    /usr/lib/libresolv-2.19.so
7f7d95a82000-7f7d95c81000 ---p 00014000 00:10 4974950                    /usr/lib/libresolv-2.19.so
7f7d95c81000-7f7d95c82000 r--p 00013000 00:10 4974950                    /usr/lib/libresolv-2.19.so
7f7d95c82000-7f7d95c83000 rw-p 00014000 00:10 4974950                    /usr/lib/libresolv-2.19.so
7f7d95c83000-7f7d95c85000 rw-p 00000000 00:00 0 
7f7d95c85000-7f7d95cee000 r-xp 00000000 00:10 4739254                    /usr/lib/libpcre.so.1.2.3
7f7d95cee000-7f7d95eed000 ---p 00069000 00:10 4739254                    /usr/lib/libpcre.so.1.2.3
7f7d95eed000-7f7d95eee000 r--p 00068000 00:10 4739254                    /usr/lib/libpcre.so.1.2.3
7f7d95eee000-7f7d95eef000 rw-p 00069000 00:10 4739254                    /usr/lib/libpcre.so.1.2.3
7f7d95eef000-7f7d95ef2000 r-xp 00000000 00:10 4739852                    /usr/lib/libgmodule-2.0.so.0.4000.0
7f7d95ef2000-7f7d960f1000 ---p 00003000 00:10 4739852                    /usr/lib/libgmodule-2.0.so.0.4000.0
7f7d960f1000-7f7d960f2000 r--p 00002000 00:10 4739852                    /usr/lib/libgmodule-2.0.so.0.4000.0
7f7d960f2000-7f7d960f3000 rw-p 00003000 00:10 4739852                    /usr/lib/libgmodule-2.0.so.0.4000.0
7f7d960f3000-7f7d960fa000 r-xp 00000000 00:10 5463937                    /usr/lib/libffi.so.6.0.2
7f7d960fa000-7f7d962f9000 ---p 00007000 00:10 5463937                    /usr/lib/libffi.so.6.0.2
7f7d962f9000-7f7d962fa000 r--p 00006000 00:10 5463937                    /usr/lib/libffi.so.6.0.2
7f7d962fa000-7f7d962fb000 rw-p 00007000 00:10 5463937                    /usr/lib/libffi.so.6.0.2
7f7d962fb000-7f7d96400000 r-xp 00000000 00:10 4739851                    /usr/lib/libglib-2.0.so.0.4000.0
7f7d96400000-7f7d96600000 ---p 00105000 00:10 4739851                    /usr/lib/libglib-2.0.so.0.4000.0
7f7d96600000-7f7d96601000 r--p 00105000 00:10 4739851                    /usr/lib/libglib-2.0.so.0.4000.0
7f7d96601000-7f7d96602000 rw-p 00106000 00:10 4739851                    /usr/lib/libglib-2.0.so.0.4000.0
7f7d96602000-7f7d96603000 rw-p 00000000 00:00 0 
7f7d96603000-7f7d96651000 r-xp 00000000 00:10 4739854                    /usr/lib/libgobject-2.0.so.0.4000.0
7f7d96651000-7f7d96851000 ---p 0004e000 00:10 4739854                    /usr/lib/libgobject-2.0.so.0.4000.0
7f7d96851000-7f7d96852000 r--p 0004e000 00:10 4739854                    /usr/lib/libgobject-2.0.so.0.4000.0
7f7d96852000-7f7d96853000 rw-p 0004f000 00:10 4739854                    /usr/lib/libgobject-2.0.so.0.4000.0
7f7d96853000-7f7d969bc000 r-xp 00000000 00:10 4739855                    /usr/lib/libgio-2.0.so.0.4000.0
7f7d969bc000-7f7d96bbc000 ---p 00169000 00:10 4739855                    /usr/lib/libgio-2.0.so.0.4000.0
7f7d96bbc000-7f7d96bc0000 r--p 00169000 00:10 4739855                    /usr/lib/libgio-2.0.so.0.4000.0
7f7d96bc0000-7f7d96bc2000 rw-p 0016d000 00:10 4739855                    /usr/lib/libgio-2.0.so.0.4000.0
7f7d96bc2000-7f7d96bc4000 rw-p 00000000 00:00 0 
7f7d96bc4000-7f7d96bda000 r-xp 00000000 00:10 5478555                    /usr/lib/jvm/java-7-openjdk/jre/lib/amd64/libnet.so
7f7d96bda000-7f7d96dda000 ---p 00016000 00:10 5478555                    /usr/lib/jvm/java-7-openjdk/jre/lib/amd64/libnet.so
7f7d96dda000-7f7d96ddb000 rw-p 00016000 00:10 5478555                    /usr/lib/jvm/java-7-openjdk/jre/lib/amd64/libnet.so
7f7d96ddb000-7f7d96deb000 r-xp 00000000 00:10 5478556                    /usr/lib/jvm/java-7-openjdk/jre/lib/amd64/libnio.so
7f7d96deb000-7f7d96feb000 ---p 00010000 00:10 5478556                    /usr/lib/jvm/java-7-openjdk/jre/lib/amd64/libnio.so
7f7d96feb000-7f7d96fec000 rw-p 00010000 00:10 5478556                    /usr/lib/jvm/java-7-openjdk/jre/lib/amd64/libnio.so
7f7d96fec000-7f7d96fef000 ---p 00000000 00:00 0 
7f7d96fef000-7f7d970ed000 rw-p 00000000 00:00 0 
7f7d970ed000-7f7d970f0000 ---p 00000000 00:00 0 
7f7d970f0000-7f7d971ee000 rw-p 00000000 00:00 0 
7f7d971ee000-7f7d971f1000 ---p 00000000 00:00 0 
7f7d971f1000-7f7d972ef000 rw-p 00000000 00:00 0 
7f7d972ef000-7f7d972f2000 ---p 00000000 00:00 0 
7f7d972f2000-7f7d973f0000 rw-p 00000000 00:00 0 
7f7d973f0000-7f7d973f1000 ---p 00000000 00:00 0 
7f7d973f1000-7f7d974f1000 rw-p 00000000 00:00 0                          [stack:26611]
7f7d974f1000-7f7d974f4000 ---p 00000000 00:00 0 
7f7d974f4000-7f7d975f2000 rw-p 00000000 00:00 0                          [stack:26610]
7f7d975f2000-7f7d975f5000 ---p 00000000 00:00 0 
7f7d975f5000-7f7d976f3000 rw-p 00000000 00:00 0                          [stack:26609]
7f7d976f3000-7f7d976f6000 ---p 00000000 00:00 0 
7f7d976f6000-7f7d977f4000 rw-p 00000000 00:00 0                          [stack:26608]
7f7d977f4000-7f7d977f7000 ---p 00000000 00:00 0 
7f7d977f7000-7f7d978f5000 rw-p 00000000 00:00 0                          [stack:26607]
7f7d978f5000-7f7d97afb000 r--p 00000000 00:10 4304367                    /usr/lib/locale/locale-archive
7f7d97afb000-7f7d97afe000 ---p 00000000 00:00 0 
7f7d97afe000-7f7d97bfc000 rw-p 00000000 00:00 0                          [stack:26606]
7f7d97bfc000-7f7d97bff000 ---p 00000000 00:00 0 
7f7d97bff000-7f7d97cfd000 rw-p 00000000 00:00 0                          [stack:26605]
7f7d97cfd000-7f7d97cfe000 ---p 00000000 00:00 0 
7f7d97cfe000-7f7d98000000 rw-p 00000000 00:00 0                          [stack:26604]
7f7d98000000-7f7d98021000 rw-p 00000000 00:00 0 
7f7d98021000-7f7d9c000000 ---p 00000000 00:00 0 
7f7d9c006000-7f7d9d91f000 rw-p 00000000 00:00 0 
7f7d9d91f000-7f7d9dad0000 r--s 01d1f000 00:10 5478061                    /usr/lib/jvm/java-7-openjdk/jre/lib/rt.jar
7f7d9dad0000-7f7da0000000 rw-p 00000000 00:00 0 
7f7da0000000-7f7da0021000 rw-p 00000000 00:00 0 
7f7da0021000-7f7da4000000 ---p 00000000 00:00 0 
7f7da4000000-7f7da4021000 rw-p 00000000 00:00 0 
7f7da4021000-7f7da8000000 ---p 00000000 00:00 0 
7f7da8000000-7f7da8021000 rw-p 00000000 00:00 0 
7f7da8021000-7f7dac000000 ---p 00000000 00:00 0 
7f7dac000000-7f7dac021000 rw-p 00000000 00:00 0 
7f7dac021000-7f7db0000000 ---p 00000000 00:00 0 
7f7db0000000-7f7db0021000 rw-p 00000000 00:00 0 
7f7db0021000-7f7db4000000 ---p 00000000 00:00 0 
7f7db408e000-7f7db43fb000 rw-p 00000000 00:00 0 
7f7db43fb000-7f7db43fc000 ---p 00000000 00:00 0 
7f7db43fc000-7f7db44fc000 rw-p 00000000 00:00 0                          [stack:26603]
7f7db44fc000-7f7db44fd000 ---p 00000000 00:00 0 
7f7db44fd000-7f7db45fd000 rw-p 00000000 00:00 0                          [stack:26602]
7f7db45fd000-7f7db45fe000 ---p 00000000 00:00 0 
7f7db45fe000-7f7db46fe000 rw-p 00000000 00:00 0                          [stack:26601]
7f7db46fe000-7f7db46ff000 ---p 00000000 00:00 0 
7f7db46ff000-7f7db47ff000 rw-p 00000000 00:00 0                          [stack:26600]
7f7db47ff000-7f7db4800000 ---p 00000000 00:00 0 
7f7db4800000-7f7db4900000 rw-p 00000000 00:00 0                          [stack:26599]
7f7db4900000-7f7db4901000 ---p 00000000 00:00 0 
7f7db4901000-7f7db4a01000 rw-p 00000000 00:00 0                          [stack:26598]
7f7db4a01000-7f7db4a02000 ---p 00000000 00:00 0 
7f7db4a02000-7f7db4b02000 rw-p 00000000 00:00 0                          [stack:26597]
7f7db4b02000-7f7db4b03000 ---p 00000000 00:00 0 
7f7db4b03000-7f7db4c0e000 rw-p 00000000 00:00 0                          [stack:26596]
7f7db4c0e000-7f7db4c56000 rw-p 00000000 00:00 0 
7f7db4c56000-7f7db4c80000 rw-p 00000000 00:00 0 
7f7db4c80000-7f7db4dac000 rw-p 00000000 00:00 0 
7f7db4dac000-7f7db4db7000 rw-p 00000000 00:00 0 
7f7db4db7000-7f7db4dff000 rw-p 00000000 00:00 0 
7f7db4dff000-7f7db4e29000 rw-p 00000000 00:00 0 
7f7db4e29000-7f7db4f54000 rw-p 00000000 00:00 0 
7f7db4f54000-7f7db4f99000 rw-p 00000000 00:00 0 
7f7db4f99000-7f7db4fff000 rw-p 00000000 00:00 0 
7f7db4fff000-7f7db5000000 rw-p 00000000 00:00 0 
7f7db5000000-7f7db5390000 rwxp 00000000 00:00 0 
7f7db5390000-7f7db833b000 rw-p 00000000 00:00 0 
7f7db833b000-7f7dbc000000 ---p 00000000 00:00 0 
7f7dbc01d000-7f7dbc042000 r--p 00000000 00:10 4974929                    /usr/share/locale/es/LC_MESSAGES/libc.mo
7f7dbc042000-7f7dbc04a000 r-xp 00000000 00:10 5478554                    /usr/lib/jvm/java-7-openjdk/jre/lib/amd64/libzip.so
7f7dbc04a000-7f7dbc249000 ---p 00008000 00:10 5478554                    /usr/lib/jvm/java-7-openjdk/jre/lib/amd64/libzip.so
7f7dbc249000-7f7dbc24a000 rw-p 00007000 00:10 5478554                    /usr/lib/jvm/java-7-openjdk/jre/lib/amd64/libzip.so
7f7dbc24a000-7f7dbc255000 r-xp 00000000 00:10 4974983                    /usr/lib/libnss_files-2.19.so
7f7dbc255000-7f7dbc454000 ---p 0000b000 00:10 4974983                    /usr/lib/libnss_files-2.19.so
7f7dbc454000-7f7dbc455000 r--p 0000a000 00:10 4974983                    /usr/lib/libnss_files-2.19.so
7f7dbc455000-7f7dbc456000 rw-p 0000b000 00:10 4974983                    /usr/lib/libnss_files-2.19.so
7f7dbc456000-7f7dbc482000 r-xp 00000000 00:10 5478553                    /usr/lib/jvm/java-7-openjdk/jre/lib/amd64/libjava.so
7f7dbc482000-7f7dbc681000 ---p 0002c000 00:10 5478553                    /usr/lib/jvm/java-7-openjdk/jre/lib/amd64/libjava.so
7f7dbc681000-7f7dbc683000 rw-p 0002b000 00:10 5478553                    /usr/lib/jvm/java-7-openjdk/jre/lib/amd64/libjava.so
7f7dbc683000-7f7dbc690000 r-xp 00000000 00:10 5478552                    /usr/lib/jvm/java-7-openjdk/jre/lib/amd64/libverify.so
7f7dbc690000-7f7dbc88f000 ---p 0000d000 00:10 5478552                    /usr/lib/jvm/java-7-openjdk/jre/lib/amd64/libverify.so
7f7dbc88f000-7f7dbc891000 rw-p 0000c000 00:10 5478552                    /usr/lib/jvm/java-7-openjdk/jre/lib/amd64/libverify.so
7f7dbc891000-7f7dbc898000 r-xp 00000000 00:10 4974984                    /usr/lib/librt-2.19.so
7f7dbc898000-7f7dbca97000 ---p 00007000 00:10 4974984                    /usr/lib/librt-2.19.so
7f7dbca97000-7f7dbca98000 r--p 00006000 00:10 4974984                    /usr/lib/librt-2.19.so
7f7dbca98000-7f7dbca99000 rw-p 00007000 00:10 4974984                    /usr/lib/librt-2.19.so
7f7dbca99000-7f7dbcaaf000 r-xp 00000000 00:10 5252203                    /usr/lib/libgcc_s.so.1
7f7dbcaaf000-7f7dbccae000 ---p 00016000 00:10 5252203                    /usr/lib/libgcc_s.so.1
7f7dbccae000-7f7dbccaf000 rw-p 00015000 00:10 5252203                    /usr/lib/libgcc_s.so.1
7f7dbccaf000-7f7dbcdb2000 r-xp 00000000 00:10 4974947                    /usr/lib/libm-2.19.so
7f7dbcdb2000-7f7dbcfb1000 ---p 00103000 00:10 4974947                    /usr/lib/libm-2.19.so
7f7dbcfb1000-7f7dbcfb2000 r--p 00102000 00:10 4974947                    /usr/lib/libm-2.19.so
7f7dbcfb2000-7f7dbcfb3000 rw-p 00103000 00:10 4974947                    /usr/lib/libm-2.19.so
7f7dbcfb3000-7f7dbd0a3000 r-xp 00000000 00:10 5252213                    /usr/lib/libstdc++.so.6.0.20
7f7dbd0a3000-7f7dbd2a3000 ---p 000f0000 00:10 5252213                    /usr/lib/libstdc++.so.6.0.20
7f7dbd2a3000-7f7dbd2ab000 r--p 000f0000 00:10 5252213                    /usr/lib/libstdc++.so.6.0.20
7f7dbd2ab000-7f7dbd2ad000 rw-p 000f8000 00:10 5252213                    /usr/lib/libstdc++.so.6.0.20
7f7dbd2ad000-7f7dbd2c2000 rw-p 00000000 00:00 0 
7f7dbd2c2000-7f7dbde09000 r-xp 00000000 00:10 5478586                    /usr/lib/jvm/java-7-openjdk/jre/lib/amd64/server/libjvm.so
7f7dbde09000-7f7dbe009000 ---p 00b47000 00:10 5478586                    /usr/lib/jvm/java-7-openjdk/jre/lib/amd64/server/libjvm.so
7f7dbe009000-7f7dbe0cb000 rw-p 00b47000 00:10 5478586                    /usr/lib/jvm/java-7-openjdk/jre/lib/amd64/server/libjvm.so
7f7dbe0cb000-7f7dbe0f7000 rw-p 00000000 00:00 0 
7f7dbe0f7000-7f7dbe10c000 r-xp 00000000 00:10 3238899                    /usr/lib/libz.so.1.2.8
7f7dbe10c000-7f7dbe30b000 ---p 00015000 00:10 3238899                    /usr/lib/libz.so.1.2.8
7f7dbe30b000-7f7dbe30c000 r--p 00014000 00:10 3238899                    /usr/lib/libz.so.1.2.8
7f7dbe30c000-7f7dbe30d000 rw-p 00015000 00:10 3238899                    /usr/lib/libz.so.1.2.8
7f7dbe30d000-7f7dbe4b1000 r-xp 00000000 00:10 4974990                    /usr/lib/libc-2.19.so
7f7dbe4b1000-7f7dbe6b1000 ---p 001a4000 00:10 4974990                    /usr/lib/libc-2.19.so
7f7dbe6b1000-7f7dbe6b5000 r--p 001a4000 00:10 4974990                    /usr/lib/libc-2.19.so
7f7dbe6b5000-7f7dbe6b7000 rw-p 001a8000 00:10 4974990                    /usr/lib/libc-2.19.so
7f7dbe6b7000-7f7dbe6bb000 rw-p 00000000 00:00 0 
7f7dbe6bb000-7f7dbe6be000 r-xp 00000000 00:10 4974956                    /usr/lib/libdl-2.19.so
7f7dbe6be000-7f7dbe8bd000 ---p 00003000 00:10 4974956                    /usr/lib/libdl-2.19.so
7f7dbe8bd000-7f7dbe8be000 r--p 00002000 00:10 4974956                    /usr/lib/libdl-2.19.so
7f7dbe8be000-7f7dbe8bf000 rw-p 00003000 00:10 4974956                    /usr/lib/libdl-2.19.so
7f7dbe8bf000-7f7dbe8cc000 r-xp 00000000 00:10 5478582                    /usr/lib/jvm/java-7-openjdk/jre/lib/amd64/jli/libjli.so
7f7dbe8cc000-7f7dbeacb000 ---p 0000d000 00:10 5478582                    /usr/lib/jvm/java-7-openjdk/jre/lib/amd64/jli/libjli.so
7f7dbeacb000-7f7dbeacc000 rw-p 0000c000 00:10 5478582                    /usr/lib/jvm/java-7-openjdk/jre/lib/amd64/jli/libjli.so
7f7dbeacc000-7f7dbeae4000 r-xp 00000000 00:10 4975003                    /usr/lib/libpthread-2.19.so
7f7dbeae4000-7f7dbece4000 ---p 00018000 00:10 4975003                    /usr/lib/libpthread-2.19.so
7f7dbece4000-7f7dbece5000 r--p 00018000 00:10 4975003                    /usr/lib/libpthread-2.19.so
7f7dbece5000-7f7dbece6000 rw-p 00019000 00:10 4975003                    /usr/lib/libpthread-2.19.so
7f7dbece6000-7f7dbecea000 rw-p 00000000 00:00 0 
7f7dbecea000-7f7dbed0b000 r-xp 00000000 00:10 4974974                    /usr/lib/ld-2.19.so
7f7dbed0d000-7f7dbed1c000 rw-p 00000000 00:00 0 
7f7dbed1c000-7f7dbedcd000 rw-p 00000000 00:00 0 
7f7dbedcd000-7f7dbedd0000 ---p 00000000 00:00 0 
7f7dbedd0000-7f7dbeed2000 rw-p 00000000 00:00 0                          [stack:26595]
7f7dbeed3000-7f7dbeed4000 rw-p 00000000 00:00 0 
7f7dbeed4000-7f7dbeed9000 r--s 0004c000 00:10 5478063                    /usr/lib/jvm/java-7-openjdk/jre/lib/jsse.jar
7f7dbeed9000-7f7dbeee7000 r--s 000cf000 00:10 5561886                    /opt/android-sdk/build-tools/19.1.0/lib/dx.jar
7f7dbeee7000-7f7dbeeff000 rw-p 00000000 00:00 0 
7f7dbeeff000-7f7dbef07000 rw-s 00000000 00:20 964192                     /tmp/hsperfdata_foucelhas/26586
7f7dbef07000-7f7dbef08000 rw-p 00000000 00:00 0 
7f7dbef08000-7f7dbef09000 ---p 00000000 00:00 0 
7f7dbef09000-7f7dbef0a000 rw-p 00000000 00:00 0 
7f7dbef0a000-7f7dbef0b000 r--p 00020000 00:10 4974974                    /usr/lib/ld-2.19.so
7f7dbef0b000-7f7dbef0c000 rw-p 00021000 00:10 4974974                    /usr/lib/ld-2.19.so
7f7dbef0c000-7f7dbef0d000 rw-p 00000000 00:00 0 
7fff10038000-7fff10059000 rw-p 00000000 00:00 0                          [stack]
7fff101fe000-7fff10200000 r-xp 00000000 00:00 0                          [vdso]
ffffffffff600000-ffffffffff601000 r-xp 00000000 00:00 0                  [vsyscall]

VM Arguments:
jvm_args: -Xmx1024M 
java_command: /opt/android-sdk/build-tools/19.1.0/lib/dx.jar --dex --num-threads=4 --output /home/foucelhas/git/OpenTripPlanner-for-Android/opentripplanner-android/build/intermediates/dex/debug /home/foucelhas/git/OpenTripPlanner-for-Android/opentripplanner-android/build/intermediates/classes/debug /home/foucelhas/git/OpenTripPlanner-for-Android/opentripplanner-android/build/intermediates/dependency-cache/debug /home/foucelhas/git/OpenTripPlanner-for-Android/opentripplanner-android/build/intermediates/pre-dexed/debug/jackson-annotations-2.3.3-bda4f37e7448ae7646fb60da1361943ce26c56f3.jar /home/foucelhas/git/OpenTripPlanner-for-Android/opentripplanner-android/build/intermediates/pre-dexed/debug/opencsv-2.3-ee980e6d4190aa158c5fe784d10ea024b73f018e.jar /home/foucelhas/git/OpenTripPlanner-for-Android/opentripplanner-android/build/intermediates/pre-dexed/debug/opentripplanner-pojos-1.0.0-SNAPSHOT-f7cefc37136d3ba86d955a0e9a579a95c34e4606.jar /home/foucelhas/git/OpenTripPlanner-for-Android/opentripplanner-android/build/intermediates/pre-dexed/debug/jackson-core-2.3.3-e0f7c1dd32939ac69d6c85eae62eb96ce81bcc9f.jar /home/foucelhas/git/OpenTripPlanner-for-Android/opentripplanner-android/build/intermediates/pre-dexed/debug/support-v4-19.1.0-95a363f7fadad141ffe290eb5375030e031abdb4.jar /home/foucelhas/git/OpenTripPlanner-for-Android/opentripplanner-android/build/intermediates/pre-dexed/debug/classes-873658031fbe49f848f01c571149afd392974523.jar /home/foucelhas/git/OpenTripPlanner-for-Android/opentripplanner-android/build/intermediates/pre-dexed/debug/jackson-databind-2.3.3-65aaedc68a79aec9bbc597c1952c540a7ebf739b.jar
Launcher Type: SUN_STANDARD

Environment Variables:
JAVA_HOME=/usr/lib/jvm/java-7-openjdk
CLASSPATH=/opt/android-studio/bin/../lib/bootstrap.jar:/opt/android-studio/bin/../lib/extensions.jar:/opt/android-studio/bin/../lib/util.jar:/opt/android-studio/bin/../lib/jdom.jar:/opt/android-studio/bin/../lib/log4j.jar:/opt/android-studio/bin/../lib/trove4j.jar:/opt/android-studio/bin/../lib/jna.jar:/usr/lib/jvm/java-7-openjdk/lib/tools.jar
PATH=/usr/local/sbin:/usr/local/bin:/usr/bin:/opt/android-sdk/platform-tools:/opt/android-sdk/tools:/usr/share/java/gradle/bin:/usr/bin/vendor_perl:/usr/bin/core_perl
USERNAME=foucelhas
LD_LIBRARY_PATH=/opt/android-studio/bin:
SHELL=/bin/bash
DISPLAY=:0

Signal Handlers:
SIGSEGV: [libjvm.so+0x97b9f0], sa_mask[0]=0x7ffbfeff, sa_flags=0x10000004
SIGBUS: [libjvm.so+0x97b9f0], sa_mask[0]=0x7ffbfeff, sa_flags=0x10000004
SIGFPE: [libjvm.so+0x7ea500], sa_mask[0]=0x7ffbfeff, sa_flags=0x10000004
SIGPIPE: [libjvm.so+0x7ea500], sa_mask[0]=0x7ffbfeff, sa_flags=0x10000004
SIGXFSZ: [libjvm.so+0x7ea500], sa_mask[0]=0x7ffbfeff, sa_flags=0x10000004
SIGILL: [libjvm.so+0x7ea500], sa_mask[0]=0x7ffbfeff, sa_flags=0x10000004
SIGUSR1: SIG_DFL, sa_mask[0]=0x00000000, sa_flags=0x00000000
SIGUSR2: [libjvm.so+0x7ea380], sa_mask[0]=0x00000204, sa_flags=0x10000004
SIGHUP: [libjvm.so+0x7ea580], sa_mask[0]=0x7ffbfeff, sa_flags=0x10000004
SIGINT: [libjvm.so+0x7ea580], sa_mask[0]=0x7ffbfeff, sa_flags=0x10000004
SIGTERM: [libjvm.so+0x7ea580], sa_mask[0]=0x7ffbfeff, sa_flags=0x10000004
SIGQUIT: [libjvm.so+0x7ea580], sa_mask[0]=0x7ffbfeff, sa_flags=0x10000004
SIGTRAP: SIG_DFL, sa_mask[0]=0x00000000, sa_flags=0x00000000


---------------  S Y S T E M  ---------------

OS:Linux
uname:Linux 3.15.1-1-ARCH #1 SMP PREEMPT Tue Jun 17 09:32:20 CEST 2014 x86_64
libc:glibc 2.19 NPTL 2.19 
rlimit: STACK 8192k, CORE 0k, NPROC 31848, NOFILE 4096, AS infinity
load average:3,33 2,31 1,73

/proc/meminfo:
MemTotal:        8158064 kB
MemFree:          151716 kB
MemAvailable:     128496 kB
Buffers:              20 kB
Cached:           915872 kB
SwapCached:            0 kB
Active:          7145012 kB
Inactive:         314600 kB
Active(anon):    7118712 kB
Inactive(anon):   289292 kB
Active(file):      26300 kB
Inactive(file):    25308 kB
Unevictable:       16176 kB
Mlocked:           16176 kB
SwapTotal:             0 kB
SwapFree:              0 kB
Dirty:              4844 kB
Writeback:             0 kB
AnonPages:       6560424 kB
Mapped:           106324 kB
Shmem:            858060 kB
Slab:             127624 kB
SReclaimable:      70888 kB
SUnreclaim:        56736 kB
KernelStack:       19184 kB
PageTables:        91340 kB
NFS_Unstable:          0 kB
Bounce:                0 kB
WritebackTmp:          0 kB
CommitLimit:     4079032 kB
Committed_AS:   15480440 kB
VmallocTotal:   34359738367 kB
VmallocUsed:      127596 kB
VmallocChunk:   34359509540 kB
HardwareCorrupted:     0 kB
AnonHugePages:   1150976 kB
HugePages_Total:       0
HugePages_Free:        0
HugePages_Rsvd:        0
HugePages_Surp:        0
Hugepagesize:       2048 kB
DirectMap4k:       14248 kB
DirectMap2M:     8351744 kB


CPU:total 8 (4 cores per cpu, 2 threads per core) family 6 model 42 stepping 6, cmov, cx8, fxsr, mmx, sse, sse2, sse3, ssse3, sse4.1, sse4.2, popcnt, avx, ht, tsc, tscinvbit

/proc/cpuinfo:
processor	: 0
vendor_id	: GenuineIntel
cpu family	: 6
model		: 42
model name	: Intel(R) Core(TM) i7-2630QM CPU @ 2.00GHz
stepping	: 6
microcode	: 0x28
cpu MHz		: 2603.828
cache size	: 6144 KB
physical id	: 0
siblings	: 8
core id		: 0
cpu cores	: 4
apicid		: 0
initial apicid	: 0
fpu		: yes
fpu_exception	: yes
cpuid level	: 13
wp		: yes
flags		: fpu vme de pse tsc msr pae mce cx8 apic sep mtrr pge mca cmov pat pse36 clflush dts acpi mmx fxsr sse sse2 ss ht tm pbe syscall nx rdtscp lm constant_tsc arch_perfmon pebs bts rep_good nopl xtopology nonstop_tsc aperfmperf eagerfpu pni pclmulqdq dtes64 monitor ds_cpl vmx est tm2 ssse3 cx16 xtpr pdcm pcid sse4_1 sse4_2 x2apic popcnt tsc_deadline_timer xsave avx lahf_lm ida arat epb xsaveopt pln pts dtherm tpr_shadow vnmi flexpriority ept vpid
bogomips	: 3992.46
clflush size	: 64
cache_alignment	: 64
address sizes	: 36 bits physical, 48 bits virtual
power management:

processor	: 1
vendor_id	: GenuineIntel
cpu family	: 6
model		: 42
model name	: Intel(R) Core(TM) i7-2630QM CPU @ 2.00GHz
stepping	: 6
microcode	: 0x28
cpu MHz		: 2608.515
cache size	: 6144 KB
physical id	: 0
siblings	: 8
core id		: 1
cpu cores	: 4
apicid		: 2
initial apicid	: 2
fpu		: yes
fpu_exception	: yes
cpuid level	: 13
wp		: yes
flags		: fpu vme de pse tsc msr pae mce cx8 apic sep mtrr pge mca cmov pat pse36 clflush dts acpi mmx fxsr sse sse2 ss ht tm pbe syscall nx rdtscp lm constant_tsc arch_perfmon pebs bts rep_good nopl xtopology nonstop_tsc aperfmperf eagerfpu pni pclmulqdq dtes64 monitor ds_cpl vmx est tm2 ssse3 cx16 xtpr pdcm pcid sse4_1 sse4_2 x2apic popcnt tsc_deadline_timer xsave avx lahf_lm ida arat epb xsaveopt pln pts dtherm tpr_shadow vnmi flexpriority ept vpid
bogomips	: 3992.46
clflush size	: 64
cache_alignment	: 64
address sizes	: 36 bits physical, 48 bits virtual
power management:

processor	: 2
vendor_id	: GenuineIntel
cpu family	: 6
model		: 42
model name	: Intel(R) Core(TM) i7-2630QM CPU @ 2.00GHz
stepping	: 6
microcode	: 0x28
cpu MHz		: 2619.765
cache size	: 6144 KB
physical id	: 0
siblings	: 8
core id		: 2
cpu cores	: 4
apicid		: 4
initial apicid	: 4
fpu		: yes
fpu_exception	: yes
cpuid level	: 13
wp		: yes
flags		: fpu vme de pse tsc msr pae mce cx8 apic sep mtrr pge mca cmov pat pse36 clflush dts acpi mmx fxsr sse sse2 ss ht tm pbe syscall nx rdtscp lm constant_tsc arch_perfmon pebs bts rep_good nopl xtopology nonstop_tsc aperfmperf eagerfpu pni pclmulqdq dtes64 monitor ds_cpl vmx est tm2 ssse3 cx16 xtpr pdcm pcid sse4_1 sse4_2 x2apic popcnt tsc_deadline_timer xsave avx lahf_lm ida arat epb xsaveopt pln pts dtherm tpr_shadow vnmi flexpriority ept vpid
bogomips	: 3992.46
clflush size	: 64
cache_alignment	: 64
address sizes	: 36 bits physical, 48 bits virtual
power management:

processor	: 3
vendor_id	: GenuineIntel
cpu family	: 6
model		: 42
model name	: Intel(R) Core(TM) i7-2630QM CPU @ 2.00GHz
stepping	: 6
microcode	: 0x28
cpu MHz		: 2600.000
cache size	: 6144 KB
physical id	: 0
siblings	: 8
core id		: 3
cpu cores	: 4
apicid		: 6
initial apicid	: 6
fpu		: yes
fpu_exception	: yes
cpuid level	: 13
wp		: yes
flags		: fpu vme de pse tsc msr pae mce cx8 apic sep mtrr pge mca cmov pat pse36 clflush dts acpi mmx fxsr sse sse2 ss ht tm pbe syscall nx rdtscp lm constant_tsc arch_perfmon pebs bts rep_good nopl xtopology nonstop_tsc aperfmperf eagerfpu pni pclmulqdq dtes64 monitor ds_cpl vmx est tm2 ssse3 cx16 xtpr pdcm pcid sse4_1 sse4_2 x2apic popcnt tsc_deadline_timer xsave avx lahf_lm ida arat epb xsaveopt pln pts dtherm tpr_shadow vnmi flexpriority ept vpid
bogomips	: 3992.46
clflush size	: 64
cache_alignment	: 64
address sizes	: 36 bits physical, 48 bits virtual
power management:

processor	: 4
vendor_id	: GenuineIntel
cpu family	: 6
model		: 42
model name	: Intel(R) Core(TM) i7-2630QM CPU @ 2.00GHz
stepping	: 6
microcode	: 0x28
cpu MHz		: 2602.890
cache size	: 6144 KB
physical id	: 0
siblings	: 8
core id		: 0
cpu cores	: 4
apicid		: 1
initial apicid	: 1
fpu		: yes
fpu_exception	: yes
cpuid level	: 13
wp		: yes
flags		: fpu vme de pse tsc msr pae mce cx8 apic sep mtrr pge mca cmov pat pse36 clflush dts acpi mmx fxsr sse sse2 ss ht tm pbe syscall nx rdtscp lm constant_tsc arch_perfmon pebs bts rep_good nopl xtopology nonstop_tsc aperfmperf eagerfpu pni pclmulqdq dtes64 monitor ds_cpl vmx est tm2 ssse3 cx16 xtpr pdcm pcid sse4_1 sse4_2 x2apic popcnt tsc_deadline_timer xsave avx lahf_lm ida arat epb xsaveopt pln pts dtherm tpr_shadow vnmi flexpriority ept vpid
bogomips	: 3992.46
clflush size	: 64
cache_alignment	: 64
address sizes	: 36 bits physical, 48 bits virtual
power management:

processor	: 5
vendor_id	: GenuineIntel
cpu family	: 6
model		: 42
model name	: Intel(R) Core(TM) i7-2630QM CPU @ 2.00GHz
stepping	: 6
microcode	: 0x28
cpu MHz		: 2604.531
cache size	: 6144 KB
physical id	: 0
siblings	: 8
core id		: 1
cpu cores	: 4
apicid		: 3
initial apicid	: 3
fpu		: yes
fpu_exception	: yes
cpuid level	: 13
wp		: yes
flags		: fpu vme de pse tsc msr pae mce cx8 apic sep mtrr pge mca cmov pat pse36 clflush dts acpi mmx fxsr sse sse2 ss ht tm pbe syscall nx rdtscp lm constant_tsc arch_perfmon pebs bts rep_good nopl xtopology nonstop_tsc aperfmperf eagerfpu pni pclmulqdq dtes64 monitor ds_cpl vmx est tm2 ssse3 cx16 xtpr pdcm pcid sse4_1 sse4_2 x2apic popcnt tsc_deadline_timer xsave avx lahf_lm ida arat epb xsaveopt pln pts dtherm tpr_shadow vnmi flexpriority ept vpid
bogomips	: 3992.46
clflush size	: 64
cache_alignment	: 64
address sizes	: 36 bits physical, 48 bits virtual
power management:

processor	: 6
vendor_id	: GenuineIntel
cpu family	: 6
model		: 42
model name	: Intel(R) Core(TM) i7-2630QM CPU @ 2.00GHz
stepping	: 6
microcode	: 0x28
cpu MHz		: 2600.000
cache size	: 6144 KB
physical id	: 0
siblings	: 8
core id		: 2
cpu cores	: 4
apicid		: 5
initial apicid	: 5
fpu		: yes
fpu_exception	: yes
cpuid level	: 13
wp		: yes
flags		: fpu vme de pse tsc msr pae mce cx8 apic sep mtrr pge mca cmov pat pse36 clflush dts acpi mmx fxsr sse sse2 ss ht tm pbe syscall nx rdtscp lm constant_tsc arch_perfmon pebs bts rep_good nopl xtopology nonstop_tsc aperfmperf eagerfpu pni pclmulqdq dtes64 monitor ds_cpl vmx est tm2 ssse3 cx16 xtpr pdcm pcid sse4_1 sse4_2 x2apic popcnt tsc_deadline_timer xsave avx lahf_lm ida arat epb xsaveopt pln pts dtherm tpr_shadow vnmi flexpriority ept vpid
bogomips	: 3992.46
clflush size	: 64
cache_alignment	: 64
address sizes	: 36 bits physical, 48 bits virtual
power management:

processor	: 7
vendor_id	: GenuineIntel
cpu family	: 6
model		: 42
model name	: Intel(R) Core(TM) i7-2630QM CPU @ 2.00GHz
stepping	: 6
microcode	: 0x28
cpu MHz		: 2602.031
cache size	: 6144 KB
physical id	: 0
siblings	: 8
core id		: 3
cpu cores	: 4
apicid		: 7
initial apicid	: 7
fpu		: yes
fpu_exception	: yes
cpuid level	: 13
wp		: yes
flags		: fpu vme de pse tsc msr pae mce cx8 apic sep mtrr pge mca cmov pat pse36 clflush dts acpi mmx fxsr sse sse2 ss ht tm pbe syscall nx rdtscp lm constant_tsc arch_perfmon pebs bts rep_good nopl xtopology nonstop_tsc aperfmperf eagerfpu pni pclmulqdq dtes64 monitor ds_cpl vmx est tm2 ssse3 cx16 xtpr pdcm pcid sse4_1 sse4_2 x2apic popcnt tsc_deadline_timer xsave avx lahf_lm ida arat epb xsaveopt pln pts dtherm tpr_shadow vnmi flexpriority ept vpid
bogomips	: 3992.46
clflush size	: 64
cache_alignment	: 64
address sizes	: 36 bits physical, 48 bits virtual
power management:



Memory: 4k page, physical 8158064k(151716k free), swap 0k(0k free)

vm_info: OpenJDK 64-Bit Server VM (24.60-b09) for linux-amd64 JRE (1.7.0_60-b30), built on Jun 14 2014 12:20:02 by "nobody" with gcc 4.9.0 20140604 (prerelease)

time: Sun Jun 29 22:22:34 2014
elapsed time: 7 seconds

